# JRE version: Java(TM) SE Runtime Environment (8.0_111-b14) (build 1.8.0_111-b14)
# Java VM: Java HotSpot(TM) 64-Bit Server VM (25.111-b14 mixed mode windows-amd64 compressed oops)
Heap:
 PSYoungGen      total 45056K, used 21309K [0x00000000eab00000, 0x00000000edf80000, 0x0000000100000000)
  eden space 37888K, 44% used [0x00000000eab00000,0x00000000ebb6a4d8,0x00000000ed000000)
  from space 7168K, 62% used [0x00000000ed680000,0x00000000edae5118,0x00000000edd80000)
  to   space 6656K, 0% used [0x00000000ed000000,0x00000000ed000000,0x00000000ed680000)
 ParOldGen       total 33792K, used 8859K [0x00000000c0000000, 0x00000000c2100000, 0x00000000eab00000)
  object space 33792K, 26% used [0x00000000c0000000,0x00000000c08a6fd0,0x00000000c2100000)
 Metaspace       used 28310K, capacity 28822K, committed 28928K, reserved 1075200K
  class space    used 3852K, capacity 3995K, committed 4096K, reserved 1048576K
GC Heap History (10 events):
Event: 23.158 GC heap before
{Heap before GC invocations=7 (full 0):
 PSYoungGen      total 23040K, used 20364K [0x00000000eab00000, 0x00000000ec800000, 0x0000000100000000)
  eden space 16384K, 91% used [0x00000000eab00000,0x00000000eb9a90f0,0x00000000ebb00000)
  from space 6656K, 80% used [0x00000000ec180000,0x00000000ec6b9f80,0x00000000ec800000)
  to   space 6656K, 0% used [0x00000000ebb00000,0x00000000ebb00000,0x00000000ec180000)
 ParOldGen       total 44032K, used 7873K [0x00000000c0000000, 0x00000000c2b00000, 0x00000000eab00000)
  object space 44032K, 17% used [0x00000000c0000000,0x00000000c07b0790,0x00000000c2b00000)
 Metaspace       used 20867K, capacity 21136K, committed 21296K, reserved 1067008K
  class space    used 2778K, capacity 2869K, committed 2944K, reserved 1048576K
Event: 23.176 GC heap after
Heap after GC invocations=7 (full 0):
 PSYoungGen      total 23040K, used 4343K [0x00000000eab00000, 0x00000000ed800000, 0x0000000100000000)
  eden space 16384K, 0% used [0x00000000eab00000,0x00000000eab00000,0x00000000ebb00000)
  from space 6656K, 65% used [0x00000000ebb00000,0x00000000ebf3dc30,0x00000000ec180000)
  to   space 6656K, 0% used [0x00000000ed180000,0x00000000ed180000,0x00000000ed800000)
 ParOldGen       total 44032K, used 8758K [0x00000000c0000000, 0x00000000c2b00000, 0x00000000eab00000)
  object space 44032K, 19% used [0x00000000c0000000,0x00000000c088d840,0x00000000c2b00000)
 Metaspace       used 20867K, capacity 21136K, committed 21296K, reserved 1067008K
  class space    used 2778K, capacity 2869K, committed 2944K, reserved 1048576K
}
Event: 23.176 GC heap before
{Heap before GC invocations=8 (full 1):
 PSYoungGen      total 23040K, used 4343K [0x00000000eab00000, 0x00000000ed800000, 0x0000000100000000)
  eden space 16384K, 0% used [0x00000000eab00000,0x00000000eab00000,0x00000000ebb00000)
  from space 6656K, 65% used [0x00000000ebb00000,0x00000000ebf3dc30,0x00000000ec180000)
  to   space 6656K, 0% used [0x00000000ed180000,0x00000000ed180000,0x00000000ed800000)
 ParOldGen       total 44032K, used 8758K [0x00000000c0000000, 0x00000000c2b00000, 0x00000000eab00000)
  object space 44032K, 19% used [0x00000000c0000000,0x00000000c088d840,0x00000000c2b00000)
 Metaspace       used 20867K, capacity 21136K, committed 21296K, reserved 1067008K
  class space    used 2778K, capacity 2869K, committed 2944K, reserved 1048576K
Event: 23.317 GC heap after
Heap after GC invocations=8 (full 1):
 PSYoungGen      total 23040K, used 0K [0x00000000eab00000, 0x00000000ed800000, 0x0000000100000000)
  eden space 16384K, 0% used [0x00000000eab00000,0x00000000eab00000,0x00000000ebb00000)
  from space 6656K, 0% used [0x00000000ebb00000,0x00000000ebb00000,0x00000000ec180000)
  to   space 6656K, 0% used [0x00000000ed180000,0x00000000ed180000,0x00000000ed800000)
 ParOldGen       total 33792K, used 7559K [0x00000000c0000000, 0x00000000c2100000, 0x00000000eab00000)
  object space 33792K, 22% used [0x00000000c0000000,0x00000000c0761f80,0x00000000c2100000)
 Metaspace       used 20867K, capacity 21136K, committed 21296K, reserved 1067008K
  class space    used 2778K, capacity 2869K, committed 2944K, reserved 1048576K
}
Event: 25.136 GC heap before
{Heap before GC invocations=9 (full 1):
 PSYoungGen      total 23040K, used 16384K [0x00000000eab00000, 0x00000000ed800000, 0x0000000100000000)
  eden space 16384K, 100% used [0x00000000eab00000,0x00000000ebb00000,0x00000000ebb00000)
  from space 6656K, 0% used [0x00000000ebb00000,0x00000000ebb00000,0x00000000ec180000)
  to   space 6656K, 0% used [0x00000000ed180000,0x00000000ed180000,0x00000000ed800000)
 ParOldGen       total 33792K, used 7559K [0x00000000c0000000, 0x00000000c2100000, 0x00000000eab00000)
  object space 33792K, 22% used [0x00000000c0000000,0x00000000c0761f80,0x00000000c2100000)
 Metaspace       used 22252K, capacity 22726K, committed 23040K, reserved 1069056K
  class space    used 2894K, capacity 3013K, committed 3072K, reserved 1048576K
Event: 25.146 GC heap after
Heap after GC invocations=9 (full 1):
 PSYoungGen      total 28672K, used 1850K [0x00000000eab00000, 0x00000000ed380000, 0x0000000100000000)
  eden space 26624K, 0% used [0x00000000eab00000,0x00000000eab00000,0x00000000ec500000)
  from space 2048K, 90% used [0x00000000ed180000,0x00000000ed34ea40,0x00000000ed380000)
  to   space 6656K, 0% used [0x00000000ec680000,0x00000000ec680000,0x00000000ecd00000)
 ParOldGen       total 33792K, used 7567K [0x00000000c0000000, 0x00000000c2100000, 0x00000000eab00000)
  object space 33792K, 22% used [0x00000000c0000000,0x00000000c0763f80,0x00000000c2100000)
 Metaspace       used 22252K, capacity 22726K, committed 23040K, reserved 1069056K
  class space    used 2894K, capacity 3013K, committed 3072K, reserved 1048576K
}
Event: 27.277 GC heap before
{Heap before GC invocations=10 (full 1):
 PSYoungGen      total 28672K, used 28474K [0x00000000eab00000, 0x00000000ed380000, 0x0000000100000000)
  eden space 26624K, 100% used [0x00000000eab00000,0x00000000ec500000,0x00000000ec500000)
  from space 2048K, 90% used [0x00000000ed180000,0x00000000ed34ea40,0x00000000ed380000)
  to   space 6656K, 0% used [0x00000000ec680000,0x00000000ec680000,0x00000000ecd00000)
 ParOldGen       total 33792K, used 7567K [0x00000000c0000000, 0x00000000c2100000, 0x00000000eab00000)
  object space 33792K, 22% used [0x00000000c0000000,0x00000000c0763f80,0x00000000c2100000)
 Metaspace       used 24325K, capacity 24826K, committed 24960K, reserved 1071104K
  class space    used 3219K, capacity 3369K, committed 3456K, reserved 1048576K
Event: 27.312 GC heap after
Heap after GC invocations=10 (full 1):
 PSYoungGen      total 34816K, used 4978K [0x00000000eab00000, 0x00000000edd80000, 0x0000000100000000)
  eden space 28160K, 0% used [0x00000000eab00000,0x00000000eab00000,0x00000000ec680000)
  from space 6656K, 74% used [0x00000000ec680000,0x00000000ecb5c9f0,0x00000000ecd00000)
  to   space 7168K, 0% used [0x00000000ed680000,0x00000000ed680000,0x00000000edd80000)
 ParOldGen       total 33792K, used 7567K [0x00000000c0000000, 0x00000000c2100000, 0x00000000eab00000)
  object space 33792K, 22% used [0x00000000c0000000,0x00000000c0763f80,0x00000000c2100000)
 Metaspace       used 24325K, capacity 24826K, committed 24960K, reserved 1071104K
  class space    used 3219K, capacity 3369K, committed 3456K, reserved 1048576K
}
Event: 28.963 GC heap before
{Heap before GC invocations=11 (full 1):
 PSYoungGen      total 34816K, used 33138K [0x00000000eab00000, 0x00000000edd80000, 0x0000000100000000)
  eden space 28160K, 100% used [0x00000000eab00000,0x00000000ec680000,0x00000000ec680000)
  from space 6656K, 74% used [0x00000000ec680000,0x00000000ecb5c9f0,0x00000000ecd00000)
  to   space 7168K, 0% used [0x00000000ed680000,0x00000000ed680000,0x00000000edd80000)
 ParOldGen       total 33792K, used 7567K [0x00000000c0000000, 0x00000000c2100000, 0x00000000eab00000)
  object space 33792K, 22% used [0x00000000c0000000,0x00000000c0763f80,0x00000000c2100000)
 Metaspace       used 26138K, capacity 26678K, committed 26752K, reserved 1073152K
  class space    used 3558K, capacity 3707K, committed 3712K, reserved 1048576K
Event: 29.000 GC heap after
Heap after GC invocations=11 (full 1):
 PSYoungGen      total 45056K, used 4500K [0x00000000eab00000, 0x00000000edf80000, 0x0000000100000000)
  eden space 37888K, 0% used [0x00000000eab00000,0x00000000eab00000,0x00000000ed000000)
  from space 7168K, 62% used [0x00000000ed680000,0x00000000edae5118,0x00000000edd80000)
  to   space 6656K, 0% used [0x00000000ed000000,0x00000000ed000000,0x00000000ed680000)
 ParOldGen       total 33792K, used 8859K [0x00000000c0000000, 0x00000000c2100000, 0x00000000eab00000)
  object space 33792K, 26% used [0x00000000c0000000,0x00000000c08a6fd0,0x00000000c2100000)
 Metaspace       used 26138K, capacity 26678K, committed 26752K, reserved 1073152K
  class space    used 3558K, capacity 3707K, committed 3712K, reserved 1048576K
}

