# JRE version: Java(TM) SE Runtime Environment (8.0_111-b14) (build 1.8.0_111-b14)
# Java VM: Java HotSpot(TM) 64-Bit Server VM (25.111-b14 mixed mode windows-amd64 compressed oops)
Heap:
 PSYoungGen      total 62464K, used 915K [0x00000000eab00000, 0x00000000eff80000, 0x0000000100000000)
  eden space 55808K, 0% used [0x00000000eab00000,0x00000000eab00000,0x00000000ee180000)
  from space 6656K, 13% used [0x00000000ee180000,0x00000000ee264fe0,0x00000000ee800000)
  to   space 7168K, 0% used [0x00000000ef880000,0x00000000ef880000,0x00000000eff80000)
 ParOldGen       total 36352K, used 22493K [0x00000000c0000000, 0x00000000c2380000, 0x00000000eab00000)
  object space 36352K, 61% used [0x00000000c0000000,0x00000000c15f7578,0x00000000c2380000)
 Metaspace       used 34620K, capacity 35236K, committed 35456K, reserved 1079296K
  class space    used 4714K, capacity 4892K, committed 4992K, reserved 1048576K
GC Heap History (10 events):
Event: 46.667 GC heap after
Heap after GC invocations=14 (full 1):
 PSYoungGen      total 37888K, used 2028K [0x00000000eab00000, 0x00000000ee080000, 0x0000000100000000)
  eden space 31232K, 0% used [0x00000000eab00000,0x00000000eab00000,0x00000000ec980000)
  from space 6656K, 30% used [0x00000000ec980000,0x00000000ecb7b2d8,0x00000000ed000000)
  to   space 6656K, 0% used [0x00000000eda00000,0x00000000eda00000,0x00000000ee080000)
 ParOldGen       total 36352K, used 13570K [0x00000000c0000000, 0x00000000c2380000, 0x00000000eab00000)
  object space 36352K, 37% used [0x00000000c0000000,0x00000000c0d40a70,0x00000000c2380000)
 Metaspace       used 27399K, capacity 27834K, committed 27904K, reserved 1073152K
  class space    used 3728K, capacity 3834K, committed 3840K, reserved 1048576K
}
Event: 49.065 GC heap before
{Heap before GC invocations=15 (full 1):
 PSYoungGen      total 37888K, used 33260K [0x00000000eab00000, 0x00000000ee080000, 0x0000000100000000)
  eden space 31232K, 100% used [0x00000000eab00000,0x00000000ec980000,0x00000000ec980000)
  from space 6656K, 30% used [0x00000000ec980000,0x00000000ecb7b2d8,0x00000000ed000000)
  to   space 6656K, 0% used [0x00000000eda00000,0x00000000eda00000,0x00000000ee080000)
 ParOldGen       total 36352K, used 13570K [0x00000000c0000000, 0x00000000c2380000, 0x00000000eab00000)
  object space 36352K, 37% used [0x00000000c0000000,0x00000000c0d40a70,0x00000000c2380000)
 Metaspace       used 30077K, capacity 30556K, committed 30720K, reserved 1075200K
  class space    used 4085K, capacity 4236K, committed 4352K, reserved 1048576K
Event: 49.094 GC heap after
Heap after GC invocations=15 (full 1):
 PSYoungGen      total 48128K, used 3449K [0x00000000eab00000, 0x00000000ee100000, 0x0000000100000000)
  eden space 41472K, 0% used [0x00000000eab00000,0x00000000eab00000,0x00000000ed380000)
  from space 6656K, 51% used [0x00000000eda00000,0x00000000edd5e5f0,0x00000000ee080000)
  to   space 6656K, 0% used [0x00000000ed380000,0x00000000ed380000,0x00000000eda00000)
 ParOldGen       total 36352K, used 14854K [0x00000000c0000000, 0x00000000c2380000, 0x00000000eab00000)
  object space 36352K, 40% used [0x00000000c0000000,0x00000000c0e81ab0,0x00000000c2380000)
 Metaspace       used 30077K, capacity 30556K, committed 30720K, reserved 1075200K
  class space    used 4085K, capacity 4236K, committed 4352K, reserved 1048576K
}
Event: 50.809 GC heap before
{Heap before GC invocations=16 (full 1):
 PSYoungGen      total 48128K, used 44921K [0x00000000eab00000, 0x00000000ee100000, 0x0000000100000000)
  eden space 41472K, 100% used [0x00000000eab00000,0x00000000ed380000,0x00000000ed380000)
  from space 6656K, 51% used [0x00000000eda00000,0x00000000edd5e5f0,0x00000000ee080000)
  to   space 6656K, 0% used [0x00000000ed380000,0x00000000ed380000,0x00000000eda00000)
 ParOldGen       total 36352K, used 14854K [0x00000000c0000000, 0x00000000c2380000, 0x00000000eab00000)
  object space 36352K, 40% used [0x00000000c0000000,0x00000000c0e81ab0,0x00000000c2380000)
 Metaspace       used 31880K, capacity 32454K, committed 32768K, reserved 1077248K
  class space    used 4320K, capacity 4500K, committed 4608K, reserved 1048576K
Event: 50.839 GC heap after
Heap after GC invocations=16 (full 1):
 PSYoungGen      total 48128K, used 3018K [0x00000000eab00000, 0x00000000eee00000, 0x0000000100000000)
  eden space 41472K, 0% used [0x00000000eab00000,0x00000000eab00000,0x00000000ed380000)
  from space 6656K, 45% used [0x00000000ed380000,0x00000000ed672960,0x00000000eda00000)
  to   space 6144K, 0% used [0x00000000ee800000,0x00000000ee800000,0x00000000eee00000)
 ParOldGen       total 36352K, used 15986K [0x00000000c0000000, 0x00000000c2380000, 0x00000000eab00000)
  object space 36352K, 43% used [0x00000000c0000000,0x00000000c0f9cac0,0x00000000c2380000)
 Metaspace       used 31880K, capacity 32454K, committed 32768K, reserved 1077248K
  class space    used 4320K, capacity 4500K, committed 4608K, reserved 1048576K
}
Event: 52.524 GC heap before
{Heap before GC invocations=17 (full 1):
 PSYoungGen      total 48128K, used 44490K [0x00000000eab00000, 0x00000000eee00000, 0x0000000100000000)
  eden space 41472K, 100% used [0x00000000eab00000,0x00000000ed380000,0x00000000ed380000)
  from space 6656K, 45% used [0x00000000ed380000,0x00000000ed672960,0x00000000eda00000)
  to   space 6144K, 0% used [0x00000000ee800000,0x00000000ee800000,0x00000000eee00000)
 ParOldGen       total 36352K, used 15986K [0x00000000c0000000, 0x00000000c2380000, 0x00000000eab00000)
  object space 36352K, 43% used [0x00000000c0000000,0x00000000c0f9cac0,0x00000000c2380000)
 Metaspace       used 33437K, capacity 34084K, committed 34432K, reserved 1079296K
  class space    used 4522K, capacity 4700K, committed 4736K, reserved 1048576K
Event: 52.549 GC heap after
Heap after GC invocations=17 (full 1):
 PSYoungGen      total 61952K, used 5582K [0x00000000eab00000, 0x00000000eef80000, 0x0000000100000000)
  eden space 55808K, 0% used [0x00000000eab00000,0x00000000eab00000,0x00000000ee180000)
  from space 6144K, 90% used [0x00000000ee800000,0x00000000eed73b78,0x00000000eee00000)
  to   space 6656K, 0% used [0x00000000ee180000,0x00000000ee180000,0x00000000ee800000)
 ParOldGen       total 36352K, used 17642K [0x00000000c0000000, 0x00000000c2380000, 0x00000000eab00000)
  object space 36352K, 48% used [0x00000000c0000000,0x00000000c113aac0,0x00000000c2380000)
 Metaspace       used 33437K, capacity 34084K, committed 34432K, reserved 1079296K
  class space    used 4522K, capacity 4700K, committed 4736K, reserved 1048576K
}
Event: 53.011 GC heap before
{Heap before GC invocations=18 (full 1):
 PSYoungGen      total 61952K, used 12259K [0x00000000eab00000, 0x00000000eef80000, 0x0000000100000000)
  eden space 55808K, 11% used [0x00000000eab00000,0x00000000eb185108,0x00000000ee180000)
  from space 6144K, 90% used [0x00000000ee800000,0x00000000eed73b78,0x00000000eee00000)
  to   space 6656K, 0% used [0x00000000ee180000,0x00000000ee180000,0x00000000ee800000)
 ParOldGen       total 36352K, used 17642K [0x00000000c0000000, 0x00000000c2380000, 0x00000000eab00000)
  object space 36352K, 48% used [0x00000000c0000000,0x00000000c113aac0,0x00000000c2380000)
 Metaspace       used 34620K, capacity 35236K, committed 35456K, reserved 1079296K
  class space    used 4714K, capacity 4892K, committed 4992K, reserved 1048576K
Event: 53.033 GC heap after
Heap after GC invocations=18 (full 1):
 PSYoungGen      total 62464K, used 915K [0x00000000eab00000, 0x00000000eff80000, 0x0000000100000000)
  eden space 55808K, 0% used [0x00000000eab00000,0x00000000eab00000,0x00000000ee180000)
  from space 6656K, 13% used [0x00000000ee180000,0x00000000ee264fe0,0x00000000ee800000)
  to   space 7168K, 0% used [0x00000000ef880000,0x00000000ef880000,0x00000000eff80000)
 ParOldGen       total 36352K, used 22493K [0x00000000c0000000, 0x00000000c2380000, 0x00000000eab00000)
  object space 36352K, 61% used [0x00000000c0000000,0x00000000c15f7578,0x00000000c2380000)
 Metaspace       used 34620K, capacity 35236K, committed 35456K, reserved 1079296K
  class space    used 4714K, capacity 4892K, committed 4992K, reserved 1048576K
}
Event: 53.033 GC heap before
{Heap before GC invocations=19 (full 2):
 PSYoungGen      total 62464K, used 915K [0x00000000eab00000, 0x00000000eff80000, 0x0000000100000000)
  eden space 55808K, 0% used [0x00000000eab00000,0x00000000eab00000,0x00000000ee180000)
  from space 6656K, 13% used [0x00000000ee180000,0x00000000ee264fe0,0x00000000ee800000)
  to   space 7168K, 0% used [0x00000000ef880000,0x00000000ef880000,0x00000000eff80000)
 ParOldGen       total 36352K, used 22493K [0x00000000c0000000, 0x00000000c2380000, 0x00000000eab00000)
  object space 36352K, 61% used [0x00000000c0000000,0x00000000c15f7578,0x00000000c2380000)
 Metaspace       used 34620K, capacity 35236K, committed 35456K, reserved 1079296K
  class space    used 4714K, capacity 4892K, committed 4992K, reserved 1048576K

